2003922073
-287123150
508802507
-574246300
-1254760707
1017605014
1142421551
-1148492600
721076577
1785445882
-1847686509
2035210028
146961349
-2010124194
-543089417
1997982096
636396809
1442153154
-858722757
-724075532
-474998931
599594278
-224972641
-224547240
-1451910703
293922698
6112003
274718908
-415232971
-1086178834
-836577945
-299003104
-443154503
1272793618
-79223125
-1410660988
-77323747
-1717445514
555051279
-1448151064
421680257
-949997862
248986483
1199188556
-689715483
-449945282
1016303063
-449094480
1545259049
1391145890
164437787
587845396
970619533
12224006
1334550911
549437816
396897521
-830465942
-45550621
2122609628
1432133461
-1673155890
-1424079289
6286921
159875792
-1490012293
-127247358
-1145086931
1692807348
-762149537
-1011226138
-1277476079
-989665384
-1698034621
1676746954
256372981
6247804
1714264615
525766318
794961881
-963776
1313431819
1591805042
1791268285
-615188188
28491503
-1438018986
855252129
2073047048
-1983134253
442657082
-295990651
920231404
-718515273
1170519838
-428117655
2006586864
-600156069
-715404062
-1982156979
-1292205100
798946879
-1598334266
571987505
859273912
-1749566173
-1596501590
1568293909
1318693020
1125845767
2084241294
1703168761
-299049376
190091755
-605833902
-1056638755
-1449898940
-560582705
119800630
554676161
-1449376984
113145523
1464769050
-594600539
-2061504244
843105431
-1565710338
12573842
674277675
319751584
-2107612615
1314942710
1440152463
-254494716
-1069230947
2004793434
-1494379277
-909352600
1092865537
-1524299074
-191223977
-2022452276
386101349
1740015138
-693771877
-1979330768
1087748777
898898054
71971839
-941473388
1589898509
512745962
359681379
12495608
-1348565391
-866438066
-485761081
1051532636
-176486187
1589923762
1717230667
-1927552
-279252199
-1668103658
872050351
-1111357212
221980029
-712430726
488781843
-1230376376
772890337
56983006
1254525559
1418929324
-470499003
1710504258
349836475
-148873200
1841941385
328698790
1651549983
885314164
1269661165
-591981302
195031171
1840462808
478746449
-1437030546
-1186905369
-1953927620
1651612085
-1325716773
168910690
188277737
479234160
-596019009
-711660218
-960736819
2010330708
-1346693469
-2133181654
-906342479
-749083592
2067571847
744196366
628817301
244994588
1614046315
1888225234
1249066361
319443168
192131663
-1139894858
1706257245
-296878396
-1762082765
659514266
1093998913
-1982911320
-365208041
1389605246
343455525
1158716044
-284336645
-129174910
-128027447
-1988290224
984476639
-1546239898
-1815371091
-994867404
-1508853309
1593290314
791466129
1075082520
1496324007
-1973945298
1917668981
1538564860
505649035
-286344462
2000506457
1040832
-377412241
441387222
-761136067
-1154396252
354644819
1702074042
776120865
1989328264
1082507575
-1328143202
-374990843
-1842418836
25147684
-794307139
1348555350
1737096943
639503168
-1790482471
79742066
879862027
-1665081876
343165573
-1414662370
-78179401
-508989432
1490082977
-2138461894
-1347123757
-285380428
94247981
1306208742
477971807
-1818705200
1245228617
-2109236222
-249890949
1246369148
426389749
-382447954
-263398873
250062744
-1106803951
772202698
614943811
-814937020
656292061
-1387543754
1149202383
336305760
-876901639
-2119469742
1901842923
1797796108
39443877
143943678
1478067351
-1882946776
1190686657
-1115170278
750335667
1025491924
1404596045
719362758
2038019647
24991216
815149417
1597836514
643242075
-1732876132
1733723157
-971522162
-851948793
2103065272
737547825
-352972374
563543331
-645048467
-1964229644
-390434657
-644360922
466216201
757696912
-1027985861
203178690
489278517
109650108
-2080926361
-1252558354
-544646703
-393679272
-1233648893
-2024331382
-1894342915
-135335324
508082223
-692606058
1364733081
439304192
2015851979
-1996547790
584168389
1394579244
-107848457
1650634846
1160511841
-1787157304
-1410479469
1146912250
-1343440243
-657158380
1169744255
-1232779770
-767227863
-1691607888
-6791397
150860706
-1959501995
1956361180
1625622087
-1840452914
1301146865
385155448
-1285704733
-995796886
-713891299
-975551100
-79419121
865213558
-1083523143
138072864
1427564203
-437417454
-256571675
-1584534964
1451675095
-1084546754
856790145
-2088781848
686324595
-1590628646
1643533750
1905062479
337821380
-874861731
376555474
1175102571
958468320
-1336246919
-1192038018
269753879
-1423320436
979466021
-1921473638
-1123057613
-274305880
1734203713
1601580358
647772351
28603988
282923469
-1812684958
-82056485
-1498167184
1432069097
-159823602
86107271
1488392732
794901909
1257634602
966678179
489989176
-740520015
-1066874666
1334338927
-518516828
951663677
-1796834574
-2079533173
638886336
-583758247
384263326
1720746295
2015177580
264165381
-882452806
990917459
-593756792
1413179937
770801766
-2070762529
1319028532
1572823725
-2106969470
957357563
329144656
1111438537
-730416082
-485009497
-1515756804
2085064309
686911050
806484419
-1977535208
960696465
-98601985
-339814266
-727831283
2113733012
-859758181
496977442
922679977
1071550256
-1721589817
-1031113650
733006037
878206300
-878899869
-1799085590
-445888911
-158078216
807779215
-399462666
-1712089955
176420868
-2107741909
-1704059758
1546461753
758924704
241526615
2130037438
817016933
1640141772
-1063332621
1361934426
1534266881
-1543691928
1481369375
-915649626
-1042170387
-351169932
176116923
464189762
-467399799
-1387585520
1862664935
-1598691474
-1734125131
-2125287876
-1052594045
-755870454
1382471505
1669757912
239808175
920715798
-420747907
-680310556
1082760267
